<!DOCTYPE html>
<html>
<head>
  <meta charset="utf-8">
  
  <title>greenplum的motion机制 | 甲鱼的大数据之旅</title>
  <meta name="viewport" content="width=device-width, initial-scale=1, maximum-scale=1">
  <meta name="description" content="查询计划会根据sql语句的预估开销来决策选择哪种motion，一般情况下，假设我有语句GP相比其他数据库有的操作类型，有一个额外操作类型叫做motion,一个motion操作会涉及segment进行查询时的数据移动。并非所有的操作都会触发moiton操作。例如精确查询，不会涉及到segment之间的数据交互。当sql语句涉及到join、aggregation、sort（或其他对于行的操作)，就会有">
<meta name="keywords" content="greenplum">
<meta property="og:type" content="article">
<meta property="og:title" content="greenplum的motion机制">
<meta property="og:url" content="https://gpdream.github.io/2017/01/04/greenplum/gp motion/index.html">
<meta property="og:site_name" content="甲鱼的大数据之旅">
<meta property="og:description" content="查询计划会根据sql语句的预估开销来决策选择哪种motion，一般情况下，假设我有语句GP相比其他数据库有的操作类型，有一个额外操作类型叫做motion,一个motion操作会涉及segment进行查询时的数据移动。并非所有的操作都会触发moiton操作。例如精确查询，不会涉及到segment之间的数据交互。当sql语句涉及到join、aggregation、sort（或其他对于行的操作)，就会有">
<meta property="og:updated_time" content="2017-01-04T06:17:02.000Z">
<meta name="twitter:card" content="summary">
<meta name="twitter:title" content="greenplum的motion机制">
<meta name="twitter:description" content="查询计划会根据sql语句的预估开销来决策选择哪种motion，一般情况下，假设我有语句GP相比其他数据库有的操作类型，有一个额外操作类型叫做motion,一个motion操作会涉及segment进行查询时的数据移动。并非所有的操作都会触发moiton操作。例如精确查询，不会涉及到segment之间的数据交互。当sql语句涉及到join、aggregation、sort（或其他对于行的操作)，就会有">
  
    <link rel="alternate" href="/atom.xml" title="甲鱼的大数据之旅" type="application/atom+xml">
  
  
    <link rel="icon" href="/favicon.png">
  
  
    <link href="//fonts.googleapis.com/css?family=Source+Code+Pro" rel="stylesheet" type="text/css">
  
  <link rel="stylesheet" href="/css/style.css">
  

</head>

<body>
  <div id="container">
    <div id="wrap">
      <header id="header">
  <div id="banner"></div>
  <div id="header-outer" class="outer">
    <div id="header-title" class="inner">
      <h1 id="logo-wrap">
        <a href="/" id="logo">甲鱼的大数据之旅</a>
      </h1>
      
        <h2 id="subtitle-wrap">
          <a href="/" id="subtitle">从入门到跑路</a>
        </h2>
      
    </div>
    <div id="header-inner" class="inner">
      <nav id="main-nav">
        <a id="main-nav-toggle" class="nav-icon"></a>
        
          <a class="main-nav-link" href="/">Home</a>
        
          <a class="main-nav-link" href="/archives">Archives</a>
        
      </nav>
      <nav id="sub-nav">
        
          <a id="nav-rss-link" class="nav-icon" href="/atom.xml" title="RSS Feed"></a>
        
        <a id="nav-search-btn" class="nav-icon" title="搜索"></a>
      </nav>
      <div id="search-form-wrap">
        <form action="//google.com/search" method="get" accept-charset="UTF-8" class="search-form"><input type="search" name="q" class="search-form-input" placeholder="Search"><button type="submit" class="search-form-submit">&#xF002;</button><input type="hidden" name="sitesearch" value="https://gpdream.github.io"></form>
      </div>
    </div>
  </div>
</header>
      <div class="outer">
        <section id="main"><article id="post-greenplum/gp motion" class="article article-type-post" itemscope itemprop="blogPost">
  <div class="article-meta">
    <a href="/2017/01/04/greenplum/gp motion/" class="article-date">
  <time datetime="2017-01-04T05:28:51.000Z" itemprop="datePublished">2017-01-04</time>
</a>
    
  </div>
  <div class="article-inner">
    
    
      <header class="article-header">
        
  
    <h1 class="article-title" itemprop="name">
      greenplum的motion机制
    </h1>
  

      </header>
    
    <div class="article-entry" itemprop="articleBody">
      
        <p>查询计划会根据sql语句的预估开销来决策选择哪种motion，一般情况下，假设我有语句GP相比其他数据库有的操作类型，有一个额外操作类型叫做motion,一个motion操作会涉及segment进行查询时的数据移动。并非所有的操作都会触发moiton操作。例如精确查询，不会涉及到segment之间的数据交互。当sql语句涉及到join、aggregation、sort（或其他对于行的操作)，就会有移动数据的需求，GP生成查询计划的时候会有motion node出现。</p>
<p>GP有如下几种motion方式：</p>
<ul>
<li>Broadcast Motion：广播方式，每个节点向其他节点广播需要发送的数据。</li>
<li>redistribute motion：重分布移动数据，当sql语句做join的时候，join的列值hash不同，将筛选后的数据在其他segment重新发布.</li>
<li>explicit redistribute motion：</li>
<li>gather motion : segment数据汇聚到master。<a id="more"></a>
<h1 id="使用哪种motion"><a href="#使用哪种motion" class="headerlink" title="使用哪种motion"></a>使用哪种motion</h1><h2 id="关于gather-motion"><a href="#关于gather-motion" class="headerlink" title="关于gather motion"></a>关于gather motion</h2>查询计划会根据sql语句的预估开销来决策选择哪种motion，以tpc的语句为例，查看其执行计划<figure class="highlight plain"><table><tr><td class="gutter"><pre><div class="line">1</div><div class="line">2</div><div class="line">3</div><div class="line">4</div><div class="line">5</div></pre></td><td class="code"><pre><div class="line">explain select  count(*) from store_sales,household_demographics ,time_dim, store</div><div class="line"> where ss_sold_time_sk = time_dim.t_time_sk and ss_hdemo_sk = household_demographics.hd_demo_sk </div><div class="line"> and ss_store_sk = s_store_sk and time_dim.t_hour = 8 and time_dim.t_minute &gt;= 30 </div><div class="line"> and household_demographics.hd_dep_count = 5 and store.s_store_name = &apos;ese&apos;  </div><div class="line"> order by count(*)  limit 100;</div></pre></td></tr></table></figure>
</li>
</ul>
<p>返回结果<br><figure class="highlight plain"><table><tr><td class="gutter"><pre><div class="line">1</div><div class="line">2</div><div class="line">3</div><div class="line">4</div><div class="line">5</div><div class="line">6</div><div class="line">7</div><div class="line">8</div><div class="line">9</div><div class="line">10</div><div class="line">11</div><div class="line">12</div><div class="line">13</div><div class="line">14</div><div class="line">15</div><div class="line">16</div><div class="line">17</div><div class="line">18</div><div class="line">19</div><div class="line">20</div><div class="line">21</div><div class="line">22</div><div class="line">23</div><div class="line">24</div><div class="line">25</div><div class="line">26</div><div class="line">27</div></pre></td><td class="code"><pre><div class="line">                                                                QUERY PLAN                                                                 </div><div class="line">-------------------------------------------------------------------------------------------------------------------------------------------</div><div class="line"> Limit  (cost=48894949.71..48894949.71 rows=1 width=8)</div><div class="line">   -&gt;  Sort  (cost=48894949.71..48894949.71 rows=1 width=8)</div><div class="line">         Sort Key (Limit): count</div><div class="line">         -&gt;  Aggregate  (cost=48894949.69..48894949.70 rows=1 width=8)</div><div class="line">               -&gt;  Gather Motion 64:1  (slice4; segments: 64)  (cost=48894949.01..48894949.67 rows=1 width=8)</div><div class="line">                     -&gt;  Aggregate  (cost=48894949.01..48894949.02 rows=1 width=8)</div><div class="line">                           -&gt;  Hash Join  (cost=6682.50..48894930.40 rows=117 width=0)</div><div class="line">                                 Hash Cond: store_sales.ss_hdemo_sk = household_demographics.hd_demo_sk</div><div class="line">                                 -&gt;  Hash Join  (cost=5484.50..48892272.13 rows=1220 width=4)</div><div class="line">                                       Hash Cond: store_sales.ss_sold_time_sk = time_dim.t_time_sk</div><div class="line">                                       -&gt;  Hash Join  (cost=77.98..48866731.58 rows=42932 width=8)</div><div class="line">                                             Hash Cond: store_sales.ss_store_sk = store.s_store_sk</div><div class="line">                                             -&gt;  Append-only Columnar Scan on store_sales  (cost=0.00..41199584.68 rows=44999812 width=12)</div><div class="line">                                             -&gt;  Hash  (cost=77.18..77.18 rows=2 width=4)</div><div class="line">                                                   -&gt;  Broadcast Motion 64:64  (slice1; segments: 64)  (cost=0.00..77.18 rows=2 width=4)</div><div class="line">                                                         -&gt;  Seq Scan on store  (cost=0.00..76.53 rows=1 width=4)</div><div class="line">                                                               Filter: s_store_name::text = &apos;ese&apos;::text</div><div class="line">                                       -&gt;  Hash  (cost=3350.51..3350.51 rows=2571 width=4)</div><div class="line">                                             -&gt;  Broadcast Motion 64:64  (slice2; segments: 64)  (cost=0.00..3350.51 rows=2571 width=4)</div><div class="line">                                                   -&gt;  Seq Scan on time_dim  (cost=0.00..1680.00 rows=41 width=4)</div><div class="line">                                                         Filter: t_hour = 8 AND t_minute &gt;= 30</div><div class="line">                                 -&gt;  Hash  (cost=622.00..622.00 rows=721 width=4)</div><div class="line">                                       -&gt;  Broadcast Motion 64:64  (slice3; segments: 64)  (cost=0.00..622.00 rows=721 width=4)</div><div class="line">                                             -&gt;  Seq Scan on household_demographics  (cost=0.00..154.00 rows=12 width=4)</div><div class="line">                                                   Filter: hd_dep_count = 5</div></pre></td></tr></table></figure></p>
<p>可以看到执行计划中有3个brodacst motion，每个segment在这步slice(查询计划中能独立执行的单元)中都会做brodcast，以最后一步的<code>-&gt;  Broadcast Motion 64:64  (slice3; segments: 64)  (cost=0.00..622.00 rows=721 width=4)
                                             -&gt;  Seq Scan on household_demographics  (cost=0.00..154.00 rows=12 width=4)
                                                   Filter: hd_dep_count = 5</code>为例，每个segment都会将household_demographics表的结果集hd_dep_count广播给其他所有的segment。因此，结果集会影响brocastmotion的性能。<br>如果类似的操作需要大量的结果集，那gp的查询计划会评估需要gather motion动作开销太大，会改变执行计划将将一部分工作在segment内部完成掉。</p>
<h2 id="关于redistribute-motion"><a href="#关于redistribute-motion" class="headerlink" title="关于redistribute motion"></a>关于redistribute motion</h2><p>以sql语句<code>SELECT customer, amount
FROM sales JOIN customer USING (cust_id)
WHERE dateCol = &#39;04-30-2008&#39;;</code>为例，customer 表的分布键为cust_id，而sales的分部件为sale_id,为了较高效的完成这个join，我们指定sales表也必需使用cust_id重分布，此时执行查询计划会有三个slice。可以看到查询计划如下:<br><figure class="highlight plain"><table><tr><td class="gutter"><pre><div class="line">1</div><div class="line">2</div><div class="line">3</div><div class="line">4</div><div class="line">5</div><div class="line">6</div><div class="line">7</div><div class="line">8</div></pre></td><td class="code"><pre><div class="line">Gather Motion 64:1  (slice2; segments: 64)  (cost=385.75..2857.25 rows=157480 width=460)</div><div class="line">   -&gt;  Hash Join  (cost=385.75..2857.25 rows=2461 width=460)</div><div class="line">         Hash Cond: sales.cust_id = customers.cust_id</div><div class="line">         -&gt;  Redistribute Motion 64:64  (slice1; segments: 64)  (cost=0.00..472.00 rows=194 width=234)</div><div class="line">               Hash Key: sales.cust_id</div><div class="line">               -&gt;  Seq Scan on sales  (cost=0.00..224.00 rows=194 width=234)</div><div class="line">         -&gt;  Hash  (cost=227.00..227.00 rows=199 width=226)</div><div class="line">               -&gt;  Seq Scan on customers  (cost=0.00..227.00 rows=199 width=226)</div></pre></td></tr></table></figure></p>
<p>具体解读：<br>slice1：扫描cutomsers表，同时扫描sales表，并将sales表按照cust_id做重分布，根据hash结果将数据移动到对应的segment上。<br>slice2:每个segment把重分布过后的结果集拿来做hash join，并将join的结果集传输给master。</p>
<h2 id="关于explicit-redistribute-motion"><a href="#关于explicit-redistribute-motion" class="headerlink" title="关于explicit redistribute motion"></a>关于explicit redistribute motion</h2><p><em>在官网上看到有redistibute motion类型，但没看到资料，也没成功触发过</em></p>
<h2 id="关于gather-motion-1"><a href="#关于gather-motion-1" class="headerlink" title="关于gather motion"></a>关于gather motion</h2><p>一个query会生成query plan，由master将query plan拷贝给各个segment运行，各个segment在运行完query plan之后会把各个数据返回给master，数据返回这个动作会有gather motion。<br>大部分操作都有gather motion，但并非所有。比如create table,insert 之类的没有结果集的语句，或者工具模式连接到某个segment或master上直接运行的sql语句，不会有segment把结果集发送给master的动作，便不会有gather motion动作。</p>

      
    </div>
    <footer class="article-footer">
      <a data-url="https://gpdream.github.io/2017/01/04/greenplum/gp motion/" data-id="cjuwg3jwg000fd8i98dx0b3bo" class="article-share-link">Share</a>
      
      
  <ul class="article-tag-list"><li class="article-tag-list-item"><a class="article-tag-list-link" href="/tags/greenplum/">greenplum</a></li></ul>

    </footer>
  </div>
  
    
<nav id="article-nav">
  
    <a href="/2017/01/04/greenplum/GP recoverseg/" id="article-nav-newer" class="article-nav-link-wrap">
      <strong class="article-nav-caption">Newer</strong>
      <div class="article-nav-title">
        
          由于gpstop -M immediate导致gp reciverseg失败
        
      </div>
    </a>
  
  
    <a href="/2017/01/04/java/jvm oom beacuse of system vm config/" id="article-nav-older" class="article-nav-link-wrap">
      <strong class="article-nav-caption">Older</strong>
      <div class="article-nav-title">机器有大量剩余内存时但java进程还是报OOM错误</div>
    </a>
  
</nav>

  
</article>

</section>
        
          <aside id="sidebar">
  
    

  
    
  <div class="widget-wrap">
    <h3 class="widget-title">标签</h3>
    <div class="widget">
      <ul class="tag-list"><li class="tag-list-item"><a class="tag-list-link" href="/tags/aliyun/">aliyun</a></li><li class="tag-list-item"><a class="tag-list-link" href="/tags/es/">es</a></li><li class="tag-list-item"><a class="tag-list-link" href="/tags/greenplum/">greenplum</a></li><li class="tag-list-item"><a class="tag-list-link" href="/tags/hadoop/">hadoop</a></li><li class="tag-list-item"><a class="tag-list-link" href="/tags/influxdb/">influxdb</a></li><li class="tag-list-item"><a class="tag-list-link" href="/tags/java/">java</a></li><li class="tag-list-item"><a class="tag-list-link" href="/tags/machine-line/">machine-line</a></li><li class="tag-list-item"><a class="tag-list-link" href="/tags/mycat/">mycat</a></li></ul>
    </div>
  </div>


  
    
  <div class="widget-wrap">
    <h3 class="widget-title">标签云</h3>
    <div class="widget tagcloud">
      <a href="/tags/aliyun/" style="font-size: 12px;">aliyun</a> <a href="/tags/es/" style="font-size: 20px;">es</a> <a href="/tags/greenplum/" style="font-size: 18px;">greenplum</a> <a href="/tags/hadoop/" style="font-size: 12px;">hadoop</a> <a href="/tags/influxdb/" style="font-size: 10px;">influxdb</a> <a href="/tags/java/" style="font-size: 16px;">java</a> <a href="/tags/machine-line/" style="font-size: 10px;">machine-line</a> <a href="/tags/mycat/" style="font-size: 14px;">mycat</a>
    </div>
  </div>

  
    
  <div class="widget-wrap">
    <h3 class="widget-title">归档</h3>
    <div class="widget">
      <ul class="archive-list"><li class="archive-list-item"><a class="archive-list-link" href="/archives/2019/04/">四月 2019</a></li><li class="archive-list-item"><a class="archive-list-link" href="/archives/2019/02/">二月 2019</a></li><li class="archive-list-item"><a class="archive-list-link" href="/archives/2018/08/">八月 2018</a></li><li class="archive-list-item"><a class="archive-list-link" href="/archives/2018/07/">七月 2018</a></li><li class="archive-list-item"><a class="archive-list-link" href="/archives/2018/06/">六月 2018</a></li><li class="archive-list-item"><a class="archive-list-link" href="/archives/2018/05/">五月 2018</a></li><li class="archive-list-item"><a class="archive-list-link" href="/archives/2018/02/">二月 2018</a></li><li class="archive-list-item"><a class="archive-list-link" href="/archives/2017/07/">七月 2017</a></li><li class="archive-list-item"><a class="archive-list-link" href="/archives/2017/06/">六月 2017</a></li><li class="archive-list-item"><a class="archive-list-link" href="/archives/2017/05/">五月 2017</a></li><li class="archive-list-item"><a class="archive-list-link" href="/archives/2017/03/">三月 2017</a></li><li class="archive-list-item"><a class="archive-list-link" href="/archives/2017/02/">二月 2017</a></li><li class="archive-list-item"><a class="archive-list-link" href="/archives/2017/01/">一月 2017</a></li></ul>
    </div>
  </div>


  
    
  <div class="widget-wrap">
    <h3 class="widget-title">最新文章</h3>
    <div class="widget">
      <ul>
        
          <li>
            <a href="/2019/04/24/es/es7-changes/">elasticsearch 7重要更新内容</a>
          </li>
        
          <li>
            <a href="/2019/04/13/machine_learn/ml_lrcv/">人和wifi的亲密度,机器学习手把手教程</a>
          </li>
        
          <li>
            <a href="/2019/02/01/java/gc-online/">java gc生产环境实践</a>
          </li>
        
          <li>
            <a href="/2018/08/02/es/es-source-env/">es 6源码debug环境搭建</a>
          </li>
        
          <li>
            <a href="/2018/07/11/es/es-xpack-sql-optimizer/">x-pack sql做的sql优化</a>
          </li>
        
      </ul>
    </div>
  </div>

  
</aside>
        
      </div>
      <footer id="footer">
  
  <div class="outer">
    <div id="footer-info" class="inner">
      &copy; 2019 甲鱼<br>
      Powered by <a href="http://hexo.io/" target="_blank">Hexo</a>
    </div>
  </div>
</footer>
    </div>
    <nav id="mobile-nav">
  
    <a href="/" class="mobile-nav-link">Home</a>
  
    <a href="/archives" class="mobile-nav-link">Archives</a>
  
</nav>
    

<script src="//ajax.googleapis.com/ajax/libs/jquery/2.0.3/jquery.min.js"></script>


  <link rel="stylesheet" href="/fancybox/jquery.fancybox.css">
  <script src="/fancybox/jquery.fancybox.pack.js"></script>


<script src="/js/script.js"></script>

  </div>
</body>
</html>